Collecting kubernetes
  Downloading https://files.pythonhosted.org/packages/e9/ad/2f2d4f22883256a505a4997cdc48c556e88e308c98eea6579e5dafcaa5e9/kubernetes-25.3.0-py2.py3-none-any.whl (1.4MB)
Collecting python-dateutil>=2.5.3 (from kubernetes)
  Downloading https://files.pythonhosted.org/packages/36/7a/87837f39d0296e723bb9b62bbb257d0355c7f6128853c78955f57342a56d/python_dateutil-2.8.2-py2.py3-none-any.whl (247kB)
Collecting websocket-client!=0.40.0,!=0.41.*,!=0.42.*,>=0.32.0 (from kubernetes)
  Downloading https://files.pythonhosted.org/packages/35/21/8614b6de7c35d0bc584da13c45b8b08e404eee28a0504c1d00f5e1aa0a23/websocket_client-1.3.1-py3-none-any.whl (54kB)
Collecting certifi>=14.05.14 (from kubernetes)
  Downloading https://files.pythonhosted.org/packages/1d/38/fa96a426e0c0e68aabc68e896584b83ad1eec779265a028e156ce509630e/certifi-2022.9.24-py3-none-any.whl (161kB)
Requirement already satisfied: six>=1.9.0 in /usr/local/lib/python3.6/site-packages (from kubernetes) (1.15.0)
Collecting google-auth>=1.0.1 (from kubernetes)
  Downloading https://files.pythonhosted.org/packages/9b/9b/f40ea5c60762eabeb17cebdc05c395f44584c5c7fd7ce636a869c4f1e05d/google_auth-2.14.1-py2.py3-none-any.whl (175kB)
Collecting requests-oauthlib (from kubernetes)
  Downloading https://files.pythonhosted.org/packages/6f/bb/5deac77a9af870143c684ab46a7934038a53eb4aa975bc0687ed6ca2c610/requests_oauthlib-1.3.1-py2.py3-none-any.whl
Requirement already satisfied: setuptools>=21.0.0 in /usr/local/lib/python3.6/site-packages (from kubernetes) (40.6.2)
Collecting urllib3>=1.24.2 (from kubernetes)
  Downloading https://files.pythonhosted.org/packages/6f/de/5be2e3eed8426f871b170663333a0f627fc2924cc386cd41be065e7ea870/urllib3-1.26.12-py2.py3-none-any.whl (140kB)
Collecting pyyaml>=5.4.1 (from kubernetes)
  Downloading https://files.pythonhosted.org/packages/b3/85/79b9e5b4e8d3c0ac657f4e8617713cca8408f6cdc65d2ee6554217cedff1/PyYAML-6.0-cp36-cp36m-manylinux_2_5_x86_64.manylinux1_x86_64.manylinux_2_12_x86_64.manylinux2010_x86_64.whl (603kB)
Collecting requests (from kubernetes)
  Downloading https://files.pythonhosted.org/packages/2d/61/08076519c80041bc0ffa1a8af0cbd3bf3e2b62af10435d269a9d0f40564d/requests-2.27.1-py2.py3-none-any.whl (63kB)
Collecting pyasn1-modules>=0.2.1 (from google-auth>=1.0.1->kubernetes)
  Downloading https://files.pythonhosted.org/packages/95/de/214830a981892a3e286c3794f41ae67a4495df1108c3da8a9f62159b9a9d/pyasn1_modules-0.2.8-py2.py3-none-any.whl (155kB)
Collecting rsa<5,>=3.1.4; python_version >= "3.6" (from google-auth>=1.0.1->kubernetes)
  Downloading https://files.pythonhosted.org/packages/49/97/fa78e3d2f65c02c8e1268b9aba606569fe97f6c8f7c2d74394553347c145/rsa-4.9-py3-none-any.whl
Collecting cachetools<6.0,>=2.0.0 (from google-auth>=1.0.1->kubernetes)
  Downloading https://files.pythonhosted.org/packages/ea/c1/4740af52db75e6dbdd57fc7e9478439815bbac549c1c05881be27d19a17d/cachetools-4.2.4-py3-none-any.whl
Collecting oauthlib>=3.0.0 (from requests-oauthlib->kubernetes)
  Downloading https://files.pythonhosted.org/packages/7e/80/cab10959dc1faead58dc8384a781dfbf93cb4d33d50988f7a69f1b7c9bbe/oauthlib-3.2.2-py3-none-any.whl (151kB)
Collecting idna<4,>=2.5; python_version >= "3" (from requests->kubernetes)
  Downloading https://files.pythonhosted.org/packages/fc/34/3030de6f1370931b9dbb4dad48f6ab1015ab1d32447850b9fc94e60097be/idna-3.4-py3-none-any.whl (61kB)
Collecting charset-normalizer~=2.0.0; python_version >= "3" (from requests->kubernetes)
  Downloading https://files.pythonhosted.org/packages/06/b3/24afc8868eba069a7f03650ac750a778862dc34941a4bebeb58706715726/charset_normalizer-2.0.12-py3-none-any.whl
Collecting pyasn1<0.5.0,>=0.4.6 (from pyasn1-modules>=0.2.1->google-auth>=1.0.1->kubernetes)
  Downloading https://files.pythonhosted.org/packages/62/1e/a94a8d635fa3ce4cfc7f506003548d0a2447ae76fd5ca53932970fe3053f/pyasn1-0.4.8-py2.py3-none-any.whl (77kB)
Installing collected packages: python-dateutil, websocket-client, certifi, pyasn1, pyasn1-modules, rsa, cachetools, google-auth, urllib3, idna, charset-normalizer, requests, oauthlib, requests-oauthlib, pyyaml, kubernetes
Successfully installed cachetools-4.2.4 certifi-2022.9.24 charset-normalizer-2.0.12 google-auth-2.14.1 idna-3.4 kubernetes-25.3.0 oauthlib-3.2.2 pyasn1-0.4.8 pyasn1-modules-0.2.8 python-dateutil-2.8.2 pyyaml-6.0 requests-2.27.1 requests-oauthlib-1.3.1 rsa-4.9 urllib3-1.26.12 websocket-client-1.3.1
You are using pip version 18.1, however version 21.3.1 is available.
You should consider upgrading via the 'pip install --upgrade pip' command.
Requirement already satisfied: flask in /usr/local/lib/python3.6/site-packages (from -r requirements.txt (line 1)) (1.1.2)
Requirement already satisfied: flask_redis in /usr/local/lib/python3.6/site-packages (from -r requirements.txt (line 2)) (0.4.0)
Requirement already satisfied: flask_redis_sentinel in /usr/local/lib/python3.6/site-packages (from -r requirements.txt (line 3)) (2.0.1)
Requirement already satisfied: flask_bootstrap in /usr/local/lib/python3.6/site-packages (from -r requirements.txt (line 4)) (3.3.7.1)
Requirement already satisfied: Werkzeug>=0.15 in /usr/local/lib/python3.6/site-packages (from flask->-r requirements.txt (line 1)) (1.0.1)
Requirement already satisfied: itsdangerous>=0.24 in /usr/local/lib/python3.6/site-packages (from flask->-r requirements.txt (line 1)) (1.1.0)
Requirement already satisfied: click>=5.1 in /usr/local/lib/python3.6/site-packages (from flask->-r requirements.txt (line 1)) (7.1.2)
Requirement already satisfied: Jinja2>=2.10.1 in /usr/local/lib/python3.6/site-packages (from flask->-r requirements.txt (line 1)) (2.11.3)
Requirement already satisfied: redis>=2.7.6 in /usr/local/lib/python3.6/site-packages (from flask_redis->-r requirements.txt (line 2)) (3.5.3)
Requirement already satisfied: six in /usr/local/lib/python3.6/site-packages (from flask_redis_sentinel->-r requirements.txt (line 3)) (1.15.0)
Requirement already satisfied: redis-sentinel-url<2.0.0,>=1.0.0 in /usr/local/lib/python3.6/site-packages (from flask_redis_sentinel->-r requirements.txt (line 3)) (1.0.1)
Requirement already satisfied: visitor in /usr/local/lib/python3.6/site-packages (from flask_bootstrap->-r requirements.txt (line 4)) (0.1.3)
Requirement already satisfied: dominate in /usr/local/lib/python3.6/site-packages (from flask_bootstrap->-r requirements.txt (line 4)) (2.6.0)
Requirement already satisfied: MarkupSafe>=0.23 in /usr/local/lib/python3.6/site-packages (from Jinja2>=2.10.1->flask->-r requirements.txt (line 1)) (1.1.1)
You are using pip version 18.1, however version 21.3.1 is available.
You should consider upgrading via the 'pip install --upgrade pip' command.
 * Serving Flask app "flaskapi" (lazy loading)
 * Environment: production
   WARNING: This is a development server. Do not use it in a production deployment.
   Use a production WSGI server instead.
 * Debug mode: off
 * Running on http://0.0.0.0:8080/ (Press CTRL+C to quit)
172.17.0.1 - - [15/Nov/2022 10:31:52] "[37mGET / HTTP/1.1[0m" 200 -
172.17.0.1 - - [15/Nov/2022 10:32:09] "[37mGET /pod-id HTTP/1.1[0m" 200 -
172.17.0.1 - - [15/Nov/2022 10:32:25] "[37mGET /startup-time HTTP/1.1[0m" 200 -
